Arguments: 
  /usr/local/bin/node /opt/yarn-v1.22.5/bin/yarn.js add webpack ts-loader @webpack/generators

PATH: 
  /usr/local/sbin:/usr/local/bin:/usr/sbin:/usr/bin:/sbin:/bin

Yarn version: 
  1.22.5

Node version: 
  16.2.0

Platform: 
  linux x64

Trace: 
  Error: https://registry.yarnpkg.com/@webpack%2fgenerators: Not found
      at Request.params.callback [as _callback] (/opt/yarn-v1.22.5/lib/cli.js:66988:18)
      at Request.self.callback (/opt/yarn-v1.22.5/lib/cli.js:140749:22)
      at Request.emit (node:events:365:28)
      at Request.<anonymous> (/opt/yarn-v1.22.5/lib/cli.js:141721:10)
      at Request.emit (node:events:365:28)
      at IncomingMessage.<anonymous> (/opt/yarn-v1.22.5/lib/cli.js:141643:12)
      at Object.onceWrapper (node:events:471:28)
      at IncomingMessage.emit (node:events:377:35)
      at endReadableNT (node:internal/streams/readable:1312:12)
      at processTicksAndRejections (node:internal/process/task_queues:83:21)

npm manifest: 
  {
    "name": "sample1",
    "version": "1.0.0",
    "description": "first app",
    "main": "index.js",
    "author": "kazuma naka",
    "license": "MIT",
    "devDependencies": {
      "@types/node": "^16.11.10"
    }
  }

yarn manifest: 
  No manifest

Lockfile: 
  # THIS IS AN AUTOGENERATED FILE. DO NOT EDIT THIS FILE DIRECTLY.
  # yarn lockfile v1
  
  
  "@types/node@^16.11.10":
    version "16.11.10"
    resolved "https://registry.yarnpkg.com/@types/node/-/node-16.11.10.tgz#2e3ad0a680d96367103d3e670d41c2fed3da61ae"
    integrity sha512-3aRnHa1KlOEEhJ6+CvyHKK5vE9BcLGjtUpwvqYLRvYNQKMfabu3BwfJaA/SLW8dxe28LsNDjtHwePTuzn3gmOA==
